Listening on port 7000...
Listening on port 7000...
/toNodeGetPdf?id=956436361852747776-956436396665470976-955630947775021056-955673054099275776
导出956436361852747776-956436396665470976-955630947775021056-955673054099275776
正在导出956436361852747776
导出文件8728726543984558-1521167059488/956436361852747776.pdf
正在导出956436396665470976
导出文件8728726543984558-1521167059488/956436396665470976.pdf
正在导出955630947775021056
导出文件8728726543984558-1521167059488/955630947775021056.pdf
正在导出955673054099275776
导出文件8728726543984558-1521167059488/955673054099275776.pdf
Listening on port 7000...
/toNodeGetPdf?id=956436361852747776-956436396665470976-955630947775021056-955673054099275776
导出956436361852747776-956436396665470976-955630947775021056-955673054099275776
正在导出956436361852747776
导出文件9093800090229553-1521167060060/956436361852747776.pdf
正在导出956436396665470976
导出文件9093800090229553-1521167060060/956436396665470976.pdf
正在导出955630947775021056
导出文件9093800090229553-1521167060060/955630947775021056.pdf
正在导出955673054099275776
导出文件9093800090229553-1521167060060/955673054099275776.pdf
